<?xml version="1.0" encoding="UTF-8"?>
<!-- Generated by org.testng.reporters.JUnitReportReporter -->
<testsuite hostname="CIPLG16" failures="0" tests="1" name="learning.automation.lession_1" time="24.747" errors="0" timestamp="2025-01-04T16:01:38 IST" skipped="0">
  <testcase classname="learning.automation.lession_1" name="function_1" time="24.747"/>
</testsuite> <!-- learning.automation.lession_1 -->
